<?xml version="1.0" encoding="UTF-8"?>
<testng-results skipped="0" failed="1" ignored="0" total="3" passed="2">
  <reporter-output>
  </reporter-output>
  <suite name="Default suite" duration-ms="18127" started-at="2020-05-28T10:45:04Z" finished-at="2020-05-28T10:45:22Z">
    <groups>
    </groups>
    <test name="Default test" duration-ms="18127" started-at="2020-05-28T10:45:04Z" finished-at="2020-05-28T10:45:22Z">
      <class name="WinAppDriverDemo.NotePadTest">
        <test-method status="PASS" signature="setUp()[pri:0, instance:WinAppDriverDemo.NotePadTest@e25b2fe]" name="setUp" is-config="true" duration-ms="1348" started-at="2020-05-28T10:45:04Z" finished-at="2020-05-28T10:45:05Z">
          <reporter-output>
          </reporter-output>
        </test-method> <!-- setUp -->
        <test-method status="PASS" signature="checkHelpAboutNowTest()[pri:1, instance:WinAppDriverDemo.NotePadTest@e25b2fe]" name="checkHelpAboutNowTest" duration-ms="1157" started-at="2020-05-28T10:45:05Z" finished-at="2020-05-28T10:45:06Z">
          <reporter-output>
          </reporter-output>
        </test-method> <!-- checkHelpAboutNowTest -->
        <test-method status="PASS" signature="cleanUp()[pri:0, instance:WinAppDriverDemo.NotePadTest@e25b2fe]" name="cleanUp" is-config="true" duration-ms="5059" started-at="2020-05-28T10:45:06Z" finished-at="2020-05-28T10:45:11Z">
          <reporter-output>
          </reporter-output>
        </test-method> <!-- cleanUp -->
        <test-method status="PASS" signature="setUp()[pri:0, instance:WinAppDriverDemo.NotePadTest@e25b2fe]" name="setUp" is-config="true" duration-ms="450" started-at="2020-05-28T10:45:11Z" finished-at="2020-05-28T10:45:12Z">
          <reporter-output>
          </reporter-output>
        </test-method> <!-- setUp -->
        <test-method status="PASS" signature="sendTextTest()[pri:2, instance:WinAppDriverDemo.NotePadTest@e25b2fe]" name="sendTextTest" duration-ms="3581" started-at="2020-05-28T10:45:12Z" finished-at="2020-05-28T10:45:15Z">
          <reporter-output>
          </reporter-output>
        </test-method> <!-- sendTextTest -->
        <test-method status="PASS" signature="cleanUp()[pri:0, instance:WinAppDriverDemo.NotePadTest@e25b2fe]" name="cleanUp" is-config="true" duration-ms="79" started-at="2020-05-28T10:45:15Z" finished-at="2020-05-28T10:45:16Z">
          <reporter-output>
          </reporter-output>
        </test-method> <!-- cleanUp -->
        <test-method status="PASS" signature="setUp()[pri:0, instance:WinAppDriverDemo.NotePadTest@e25b2fe]" name="setUp" is-config="true" duration-ms="439" started-at="2020-05-28T10:45:16Z" finished-at="2020-05-28T10:45:16Z">
          <reporter-output>
          </reporter-output>
        </test-method> <!-- setUp -->
        <test-method status="FAIL" signature="enterTimeAndDateTest()[pri:3, instance:WinAppDriverDemo.NotePadTest@e25b2fe]" name="enterTimeAndDateTest" duration-ms="5904" started-at="2020-05-28T10:45:16Z" finished-at="2020-05-28T10:45:22Z">
          <exception class="org.openqa.selenium.NoSuchElementException">
            <message>
              <![CDATA[An element could not be located on the page using the given search parameters. (WARNING: The server did not provide any stacktrace information)
Command duration or timeout: 0 milliseconds
For documentation on this error, please visit: https://www.seleniumhq.org/exceptions/no_such_element.html
Build info: version: '3.141.59', revision: 'e82be7d358', time: '2018-11-14T08:17:03'
System info: host: 'DEV_DEL_DEEPAK', ip: '192.168.1.11', os.name: 'Windows 10', os.arch: 'amd64', os.version: '10.0', java.version: '1.8.0_131'
Driver info: io.appium.java_client.windows.WindowsDriver
Capabilities {app: C:\Windows\System32\notepad..., javascriptEnabled: true, platform: WINDOWS, platformName: Windows}
Session ID: EB29BF2D-DF9C-4670-AFC7-D4224FEC56D7
*** Element info: {Using=accessibility id, value=26}]]>
            </message>
            <full-stacktrace>
              <![CDATA[org.openqa.selenium.NoSuchElementException: An element could not be located on the page using the given search parameters. (WARNING: The server did not provide any stacktrace information)
Command duration or timeout: 0 milliseconds
For documentation on this error, please visit: https://www.seleniumhq.org/exceptions/no_such_element.html
Build info: version: '3.141.59', revision: 'e82be7d358', time: '2018-11-14T08:17:03'
System info: host: 'DEV_DEL_DEEPAK', ip: '192.168.1.11', os.name: 'Windows 10', os.arch: 'amd64', os.version: '10.0', java.version: '1.8.0_131'
Driver info: io.appium.java_client.windows.WindowsDriver
Capabilities {app: C:\Windows\System32\notepad..., javascriptEnabled: true, platform: WINDOWS, platformName: Windows}
Session ID: EB29BF2D-DF9C-4670-AFC7-D4224FEC56D7
*** Element info: {Using=accessibility id, value=26}
at sun.reflect.NativeConstructorAccessorImpl.newInstance0(Native Method)
at sun.reflect.NativeConstructorAccessorImpl.newInstance(NativeConstructorAccessorImpl.java:62)
at sun.reflect.DelegatingConstructorAccessorImpl.newInstance(DelegatingConstructorAccessorImpl.java:45)
at java.lang.reflect.Constructor.newInstance(Constructor.java:423)
at org.openqa.selenium.remote.ErrorHandler.createThrowable(ErrorHandler.java:214)
at org.openqa.selenium.remote.ErrorHandler.throwIfResponseFailed(ErrorHandler.java:166)
at org.openqa.selenium.remote.http.JsonHttpResponseCodec.reconstructValue(JsonHttpResponseCodec.java:40)
at org.openqa.selenium.remote.http.AbstractHttpResponseCodec.decode(AbstractHttpResponseCodec.java:80)
at org.openqa.selenium.remote.http.AbstractHttpResponseCodec.decode(AbstractHttpResponseCodec.java:44)
at org.openqa.selenium.remote.HttpCommandExecutor.execute(HttpCommandExecutor.java:158)
at io.appium.java_client.remote.AppiumCommandExecutor.execute(AppiumCommandExecutor.java:239)
at org.openqa.selenium.remote.RemoteWebDriver.execute(RemoteWebDriver.java:552)
at io.appium.java_client.DefaultGenericMobileDriver.execute(DefaultGenericMobileDriver.java:41)
at io.appium.java_client.AppiumDriver.execute(AppiumDriver.java:1)
at io.appium.java_client.windows.WindowsDriver.execute(WindowsDriver.java:1)
at org.openqa.selenium.remote.RemoteWebDriver.findElement(RemoteWebDriver.java:323)
at io.appium.java_client.DefaultGenericMobileDriver.findElement(DefaultGenericMobileDriver.java:61)
at io.appium.java_client.AppiumDriver.findElement(AppiumDriver.java:1)
at io.appium.java_client.windows.WindowsDriver.findElement(WindowsDriver.java:1)
at io.appium.java_client.FindsByAccessibilityId.findElementByAccessibilityId(FindsByAccessibilityId.java:37)
at WinAppDriverDemo.NotePadTest.enterTimeAndDateTest(NotePadTest.java:61)
at sun.reflect.NativeMethodAccessorImpl.invoke0(Native Method)
at sun.reflect.NativeMethodAccessorImpl.invoke(NativeMethodAccessorImpl.java:62)
at sun.reflect.DelegatingMethodAccessorImpl.invoke(DelegatingMethodAccessorImpl.java:43)
at java.lang.reflect.Method.invoke(Method.java:498)
at org.testng.internal.MethodInvocationHelper.invokeMethod(MethodInvocationHelper.java:124)
at org.testng.internal.Invoker.invokeMethod(Invoker.java:583)
at org.testng.internal.Invoker.invokeTestMethod(Invoker.java:719)
at org.testng.internal.Invoker.invokeTestMethods(Invoker.java:989)
at org.testng.internal.TestMethodWorker.invokeTestMethods(TestMethodWorker.java:125)
at org.testng.internal.TestMethodWorker.run(TestMethodWorker.java:109)
at org.testng.TestRunner.privateRun(TestRunner.java:648)
at org.testng.TestRunner.run(TestRunner.java:505)
at org.testng.SuiteRunner.runTest(SuiteRunner.java:455)
at org.testng.SuiteRunner.runSequentially(SuiteRunner.java:450)
at org.testng.SuiteRunner.privateRun(SuiteRunner.java:415)
at org.testng.SuiteRunner.run(SuiteRunner.java:364)
at org.testng.SuiteRunnerWorker.runSuite(SuiteRunnerWorker.java:52)
at org.testng.SuiteRunnerWorker.run(SuiteRunnerWorker.java:84)
at org.testng.TestNG.runSuitesSequentially(TestNG.java:1208)
at org.testng.TestNG.runSuitesLocally(TestNG.java:1137)
at org.testng.TestNG.runSuites(TestNG.java:1049)
at org.testng.TestNG.run(TestNG.java:1017)
at org.testng.remote.AbstractRemoteTestNG.run(AbstractRemoteTestNG.java:114)
at org.testng.remote.RemoteTestNG.initAndRun(RemoteTestNG.java:251)
at org.testng.remote.RemoteTestNG.main(RemoteTestNG.java:77)
]]>
            </full-stacktrace>
          </exception> <!-- org.openqa.selenium.NoSuchElementException -->
          <reporter-output>
          </reporter-output>
        </test-method> <!-- enterTimeAndDateTest -->
        <test-method status="PASS" signature="cleanUp()[pri:0, instance:WinAppDriverDemo.NotePadTest@e25b2fe]" name="cleanUp" is-config="true" duration-ms="46" started-at="2020-05-28T10:45:22Z" finished-at="2020-05-28T10:45:22Z">
          <reporter-output>
          </reporter-output>
        </test-method> <!-- cleanUp -->
      </class> <!-- WinAppDriverDemo.NotePadTest -->
    </test> <!-- Default test -->
  </suite> <!-- Default suite -->
</testng-results>
