<?xml version="1.0" encoding="UTF-8"?>
<!-- Generated by org.testng.reporters.JUnitXMLReporter -->
<testsuite hostname="DEV_DEL_DEEPAK" ignored="0" name="Search All Product Name" tests="1" failures="1" timestamp="13 May 2020 14:13:53 GMT" time="0.677" errors="0">
  <testcase name="searchAllProduct" time="0.658" classname="com.greenkart.GetAllProductSearchTestPage">
    <failure type="org.testng.internal.reflect.MethodMatcherException" message="
Data provider mismatch
Method: searchAllProduct([Parameter{index=0, type=java.lang.String, declaredAnnotations=[]}])
Arguments: [(java.lang.String) Product_1,(java.lang.String) Brocolli - 1 Kg,(java.lang.String) 1.0]">
      <![CDATA[org.testng.internal.reflect.MethodMatcherException: 
Data provider mismatch
Method: searchAllProduct([Parameter{index=0, type=java.lang.String, declaredAnnotations=[]}])
Arguments: [(java.lang.String) Product_1,(java.lang.String) Brocolli - 1 Kg,(java.lang.String) 1.0]
at org.testng.internal.reflect.DataProviderMethodMatcher.getConformingArguments(DataProviderMethodMatcher.java:45)
at org.testng.internal.Parameters.injectParameters(Parameters.java:796)
at org.testng.internal.Invoker.invokeTestMethods(Invoker.java:983)
at org.testng.internal.TestMethodWorker.invokeTestMethods(TestMethodWorker.java:125)
at org.testng.internal.TestMethodWorker.run(TestMethodWorker.java:109)
at java.util.concurrent.ThreadPoolExecutor.runWorker(ThreadPoolExecutor.java:1142)
at java.util.concurrent.ThreadPoolExecutor$Worker.run(ThreadPoolExecutor.java:617)
at java.lang.Thread.run(Thread.java:748)
]]>
    </failure>
  </testcase> <!-- searchAllProduct -->
</testsuite> <!-- Search All Product Name -->
