<?xml version="1.0" encoding="UTF-8"?>
<testng-results skipped="0" failed="0" ignored="0" total="1" passed="1">
  <reporter-output>
    <line>
      <![CDATA[<img src="file://D:\Workspace_NRDA\IHSMS_Project\Screenhot\Success_ScreenShot\farmerLoginTest May 06   17.58.17.png" alt=""/>]]>
    </line>
  </reporter-output>
  <suite name="Suite" duration-ms="17783" started-at="2020-05-06T12:28:02Z" finished-at="2020-05-06T12:28:19Z">
    <groups>
    </groups>
    <test name="Test" duration-ms="17783" started-at="2020-05-06T12:28:02Z" finished-at="2020-05-06T12:28:19Z">
      <class name="com.RegistrationOfFruitNursery.FarmerLoginPageTest">
        <test-method status="PASS" signature="setExtent()[pri:0, instance:com.RegistrationOfFruitNursery.FarmerLoginPageTest@10bdf5e5]" name="setExtent" is-config="true" duration-ms="137" started-at="2020-05-06T17:58:02Z" finished-at="2020-05-06T17:58:02Z">
          <reporter-output>
          </reporter-output>
        </test-method> <!-- setExtent -->
        <test-method status="PASS" signature="setUp()[pri:0, instance:com.RegistrationOfFruitNursery.FarmerLoginPageTest@10bdf5e5]" name="setUp" is-config="true" duration-ms="12469" started-at="2020-05-06T17:58:02Z" finished-at="2020-05-06T17:58:14Z">
          <reporter-output>
          </reporter-output>
        </test-method> <!-- setUp -->
        <test-method status="PASS" signature="farmerLoginTest()[pri:1, instance:com.RegistrationOfFruitNursery.FarmerLoginPageTest@10bdf5e5]" name="farmerLoginTest" duration-ms="2623" started-at="2020-05-06T17:58:14Z" finished-at="2020-05-06T17:58:17Z">
          <reporter-output>
            <line>
              <![CDATA[<img src="file://D:\Workspace_NRDA\IHSMS_Project\Screenhot\Success_ScreenShot\farmerLoginTest May 06   17.58.17.png" alt=""/>]]>
            </line>
          </reporter-output>
        </test-method> <!-- farmerLoginTest -->
        <test-method status="PASS" signature="tearDown(org.testng.ITestResult)[pri:0, instance:com.RegistrationOfFruitNursery.FarmerLoginPageTest@10bdf5e5]" name="tearDown" is-config="true" duration-ms="1460" started-at="2020-05-06T17:58:17Z" finished-at="2020-05-06T17:58:19Z">
          <params>
            <param index="0">
              <value>
                <![CDATA[[TestResult name=farmerLoginTest status=SUCCESS method=FarmerLoginPageTest.farmerLoginTest()[pri:1, instance:com.RegistrationOfFruitNursery.FarmerLoginPageTest@10bdf5e5] output=<img src="file://D:\Workspace_NRDA\IHSMS_Project\Screenhot\Success_ScreenShot\farmerLoginTest May 06   17.58.17.png" alt=""/>]]]>
              </value>
            </param>
          </params>
          <reporter-output>
          </reporter-output>
        </test-method> <!-- tearDown -->
        <test-method status="PASS" signature="endExtent()[pri:0, instance:com.RegistrationOfFruitNursery.FarmerLoginPageTest@10bdf5e5]" name="endExtent" is-config="true" duration-ms="431" started-at="2020-05-06T17:58:19Z" finished-at="2020-05-06T17:58:19Z">
          <reporter-output>
          </reporter-output>
        </test-method> <!-- endExtent -->
      </class> <!-- com.RegistrationOfFruitNursery.FarmerLoginPageTest -->
    </test> <!-- Test -->
  </suite> <!-- Suite -->
</testng-results>
