<?xml version="1.0" encoding="UTF-8" ?>
<testsuite tests="1" failures="1" name="TestSuite" time="9.919" errors="0" skipped="0">
  <properties>
[...]
</properties>
  <testcase classname="com.seleniumnewfeatures.MultipleWindowsTabs" name="test" time="9.005">
    <failure message="unknown command: session/eb8bcf072c4d2f77feab0c25861084b0/window/new
Command duration or timeout: 27 milliseconds
Build info: version: &apos;4.0.0-alpha-4&apos;, revision: &apos;c2d955b49e&apos;
System info: host: &apos;DEV_DEL_DEEPAK&apos;, ip: &apos;192.168.1.11&apos;, os.name: &apos;Windows 10&apos;, os.arch: &apos;amd64&apos;, os.version: &apos;10.0&apos;, java.version: &apos;1.8.0_131&apos;
Driver info: org.openqa.selenium.chrome.ChromeDriver
Capabilities {acceptInsecureCerts: false, acceptSslCerts: false, applicationCacheEnabled: false, browserConnectionEnabled: false, browserName: chrome, chrome: {chromedriverVersion: 72.0.3626.7 (efcef9a3ecda02..., userDataDir: C:\Users\DEEPAK~1.SAI\AppDa...}, cssSelectorsEnabled: true, databaseEnabled: false, goog:chromeOptions: {debuggerAddress: localhost:53101}, handlesAlerts: true, hasTouchScreen: false, javascriptEnabled: true, locationContextEnabled: true, mobileEmulationEnabled: false, nativeEvents: true, networkConnectionEnabled: false, pageLoadStrategy: normal, platform: XP, platformName: XP, proxy: Proxy(), rotatable: false, setWindowRect: true, takesHeapSnapshot: true, takesScreenshot: true, timeouts: {implicit: 0, pageLoad: 300000, script: 30000}, unexpectedAlertBehaviour: ignore, unhandledPromptBehavior: ignore, version: 74.0.3729.108, webStorageEnabled: true}
Session ID: eb8bcf072c4d2f77feab0c25861084b0" type="org.openqa.selenium.UnsupportedCommandException">org.openqa.selenium.UnsupportedCommandException: unknown command: session/eb8bcf072c4d2f77feab0c25861084b0/window/new
Command duration or timeout: 27 milliseconds
Build info: version: &apos;4.0.0-alpha-4&apos;, revision: &apos;c2d955b49e&apos;
System info: host: &apos;DEV_DEL_DEEPAK&apos;, ip: &apos;192.168.1.11&apos;, os.name: &apos;Windows 10&apos;, os.arch: &apos;amd64&apos;, os.version: &apos;10.0&apos;, java.version: &apos;1.8.0_131&apos;
Driver info: org.openqa.selenium.chrome.ChromeDriver
Capabilities {acceptInsecureCerts: false, acceptSslCerts: false, applicationCacheEnabled: false, browserConnectionEnabled: false, browserName: chrome, chrome: {chromedriverVersion: 72.0.3626.7 (efcef9a3ecda02..., userDataDir: C:\Users\DEEPAK~1.SAI\AppDa...}, cssSelectorsEnabled: true, databaseEnabled: false, goog:chromeOptions: {debuggerAddress: localhost:53101}, handlesAlerts: true, hasTouchScreen: false, javascriptEnabled: true, locationContextEnabled: true, mobileEmulationEnabled: false, nativeEvents: true, networkConnectionEnabled: false, pageLoadStrategy: normal, platform: XP, platformName: XP, proxy: Proxy(), rotatable: false, setWindowRect: true, takesHeapSnapshot: true, takesScreenshot: true, timeouts: {implicit: 0, pageLoad: 300000, script: 30000}, unexpectedAlertBehaviour: ignore, unhandledPromptBehavior: ignore, version: 74.0.3729.108, webStorageEnabled: true}
Session ID: eb8bcf072c4d2f77feab0c25861084b0
	at sun.reflect.NativeConstructorAccessorImpl.newInstance0(Native Method)
	at sun.reflect.NativeConstructorAccessorImpl.newInstance(NativeConstructorAccessorImpl.java:62)
	at sun.reflect.DelegatingConstructorAccessorImpl.newInstance(DelegatingConstructorAccessorImpl.java:45)
	at java.lang.reflect.Constructor.newInstance(Constructor.java:423)
	at org.openqa.selenium.remote.ErrorHandler.createThrowable(ErrorHandler.java:217)
	at org.openqa.selenium.remote.ErrorHandler.throwIfResponseFailed(ErrorHandler.java:169)
	at org.openqa.selenium.remote.RemoteWebDriver.execute(RemoteWebDriver.java:616)
	at org.openqa.selenium.remote.RemoteWebDriver$RemoteTargetLocator.newWindow(RemoteWebDriver.java:1000)
	at com.seleniumnewfeatures.MultipleWindowsTabs.test(MultipleWindowsTabs.java:36)
</failure>
    <system-err>SLF4J: Failed to load class &quot;org.slf4j.impl.StaticLoggerBinder&quot;.
SLF4J: Defaulting to no-operation (NOP) logger implementation
SLF4J: See http://www.slf4j.org/codes.html#StaticLoggerBinder for further details.
Starting ChromeDriver 72.0.3626.7 (efcef9a3ecda02b2132af215116a03852d08b9cb) on port 33960
Only local connections are allowed.
[1588688919.337][WARNING]: Timed out connecting to Chrome, retrying...
May 05, 2020 7:58:41 PM org.openqa.selenium.remote.ProtocolHandshake createSession
INFO: Detected dialect: OSS
</system-err>
  </testcase>
</testsuite>